<?xml version="1.0" encoding="UTF-8"?>
<!-- Generated by org.testng.reporters.JUnitReportReporter -->
<testsuite hostname="Laptop-Sabir" failures="0" tests="1" name="testScripts.VerifyInventory" time="4.085" errors="0" timestamp="2025-04-04T13:00:42 IST" skipped="0">
  <testcase classname="testScripts.VerifyInventory" name="verifyInv" time="4.085"/>
  <system-out/>
</testsuite> <!-- testScripts.VerifyInventory -->
