<?xml version="1.0" encoding="UTF-8"?>
<!-- Generated by org.testng.reporters.JUnitReportReporter -->
<testsuite hostname="Laptop-Sabir" failures="0" tests="2" name="testScripts.Verify" time="16.002" errors="0" timestamp="2025-04-04T12:17:23 IST" skipped="0">
  <testcase classname="testScripts.Verify" name="verifyIn" time="5.336"/>
  <system-out/>
  <testcase classname="testScripts.Verify" name="verifyIn" time="10.666"/>
  <system-out/>
</testsuite> <!-- testScripts.Verify -->
